<?xml version="1.0" encoding="utf-8"?><testsuites name="pytest tests"><testsuite name="pytest" errors="0" failures="0" skipped="0" tests="26" time="5.727" timestamp="2026-06-13T01:51:48.226403+00:00" hostname="agent-env-be010e67-e163-4b7f-8230-8a353cf6abb7"><testcase classname="backend.tests.test_media.TestFemaleSeed" name="test_count_12" time="0.193" /><testcase classname="backend.tests.test_media.TestFemaleSeed" name="test_all_female_no_male" time="0.150" /><testcase classname="backend.tests.test_media.TestFemaleSeed" name="test_portrait_source_randomuser" time="0.145" /><testcase classname="backend.tests.test_media.TestVerifiedOnlyRegression" name="test_verified_only_true_returns_8" time="0.138" /><testcase classname="backend.tests.test_media.TestVerifiedOnlyRegression" name="test_no_filter_returns_12" time="0.146" /><testcase classname="backend.tests.test_media.TestFileServing" name="test_nonexistent_404" time="0.130" /><testcase classname="backend.tests.test_media.TestPhotoUploadAuth" name="test_no_auth_401" time="0.230" /><testcase classname="backend.tests.test_media.TestPhotoUploadAuth" name="test_non_admin_403" time="0.099" /><testcase classname="backend.tests.test_media.TestPhotoUploadAuth" name="test_bad_content_type_400" time="0.132" /><testcase classname="backend.tests.test_media.TestPhotoUploadAuth" name="test_unknown_massagista_404" time="0.115" /><testcase classname="backend.tests.test_media.TestPhotoLifecycle" name="test_full_flow" time="1.207" /><testcase classname="backend.tests.test_media.TestVideoUpload" name="test_bad_content_type_400" time="0.187" /><testcase classname="backend.tests.test_media.TestVideoUpload" name="test_no_auth_401" time="0.208" /><testcase classname="backend.tests.test_media.TestVideoUpload" name="test_video_upload_replaces_url" time="0.345" /><testcase classname="backend.tests.test_verification.TestPublicListing" name="test_list_all_count" time="0.104" /><testcase classname="backend.tests.test_verification.TestPublicListing" name="test_verified_only_filter" time="0.108" /><testcase classname="backend.tests.test_verification.TestPublicListing" name="test_detail_has_verification" time="0.189" /><testcase classname="backend.tests.test_verification.TestAdminAuth" name="test_queue_no_auth_401" time="0.104" /><testcase classname="backend.tests.test_verification.TestAdminAuth" name="test_queue_non_admin_403" time="0.097" /><testcase classname="backend.tests.test_verification.TestAdminAuth" name="test_queue_admin_200" time="0.094" /><testcase classname="backend.tests.test_verification.TestAdminAuth" name="test_all_admin" time="0.103" /><testcase classname="backend.tests.test_verification.TestModeration" name="test_approve_flips_verified" time="0.416" /><testcase classname="backend.tests.test_verification.TestModeration" name="test_reject_sets_rejected" time="0.317" /><testcase classname="backend.tests.test_verification.TestModeration" name="test_revoke_an_already_verified" time="0.416" /><testcase classname="backend.tests.test_verification.TestModeration" name="test_approve_requires_admin" time="0.211" /><testcase classname="backend.tests.test_verification.TestModeration" name="test_approve_404_for_unknown" time="0.098" /></testsuite></testsuites>