<?xml version="1.0" encoding="utf-8"?><testsuites name="pytest tests"><testsuite name="pytest" errors="0" failures="0" skipped="0" tests="25" time="3.919" timestamp="2026-06-13T01:05:25.970108+00:00" hostname="agent-env-be010e67-e163-4b7f-8230-8a353cf6abb7"><testcase classname="backend.tests.test_oasis_rio.TestRoot" name="test_root" time="0.156" /><testcase classname="backend.tests.test_oasis_rio.TestBairros" name="test_list_bairros" time="0.150" /><testcase classname="backend.tests.test_oasis_rio.TestMassagistas" name="test_list_all" time="0.142" /><testcase classname="backend.tests.test_oasis_rio.TestMassagistas" name="test_filter_by_bairro" time="0.096" /><testcase classname="backend.tests.test_oasis_rio.TestMassagistas" name="test_search_specialty" time="0.106" /><testcase classname="backend.tests.test_oasis_rio.TestMassagistas" name="test_geo_sort" time="0.132" /><testcase classname="backend.tests.test_oasis_rio.TestMassagistas" name="test_detail" time="0.278" /><testcase classname="backend.tests.test_oasis_rio.TestMassagistas" name="test_detail_404" time="0.094" /><testcase classname="backend.tests.test_oasis_rio.TestAuth" name="test_auth_me_no_token" time="0.100" /><testcase classname="backend.tests.test_oasis_rio.TestAuth" name="test_auth_me_with_token" time="0.106" /><testcase classname="backend.tests.test_oasis_rio.TestBookings" name="test_create_booking_no_auth" time="0.216" /><testcase classname="backend.tests.test_oasis_rio.TestBookings" name="test_create_booking_home_no_address" time="0.052" /><testcase classname="backend.tests.test_oasis_rio.TestBookings" name="test_create_booking_invalid_duration" time="0.049" /><testcase classname="backend.tests.test_oasis_rio.TestBookings" name="test_create_booking_invalid_location" time="0.048" /><testcase classname="backend.tests.test_oasis_rio.TestBookings" name="test_create_booking_unknown_massagista" time="0.048" /><testcase classname="backend.tests.test_oasis_rio.TestBookings" name="test_create_booking_studio_60" time="0.069" /><testcase classname="backend.tests.test_oasis_rio.TestBookings" name="test_create_booking_home_90" time="0.048" /><testcase classname="backend.tests.test_oasis_rio.TestBookings" name="test_list_my_bookings" time="0.048" /><testcase classname="backend.tests.test_oasis_rio.TestBookings" name="test_list_my_bookings_no_auth" time="0.118" /><testcase classname="backend.tests.test_oasis_rio.TestCheckout" name="test_create_checkout_session" time="0.745" /><testcase classname="backend.tests.test_oasis_rio.TestCheckout" name="test_checkout_no_auth" time="0.102" /><testcase classname="backend.tests.test_oasis_rio.TestCheckout" name="test_checkout_status" time="0.255" /><testcase classname="backend.tests.test_oasis_rio.TestCheckout" name="test_checkout_status_idempotent" time="0.220" /><testcase classname="backend.tests.test_oasis_rio.TestCheckout" name="test_checkout_status_unknown" time="0.049" /><testcase classname="backend.tests.test_oasis_rio.TestLogout" name="test_logout_with_bearer" time="0.444" /></testsuite></testsuites>