<?xml version="1.0" encoding="utf-8"?><testsuites name="pytest tests"><testsuite name="pytest" errors="0" failures="0" skipped="0" tests="12" time="2.554" timestamp="2026-06-13T01:35:53.177441+00:00" hostname="agent-env-be010e67-e163-4b7f-8230-8a353cf6abb7"><testcase classname="backend.tests.test_verification.TestPublicListing" name="test_list_all_count" time="0.196" /><testcase classname="backend.tests.test_verification.TestPublicListing" name="test_verified_only_filter" time="0.100" /><testcase classname="backend.tests.test_verification.TestPublicListing" name="test_detail_has_verification" time="0.292" /><testcase classname="backend.tests.test_verification.TestAdminAuth" name="test_queue_no_auth_401" time="0.099" /><testcase classname="backend.tests.test_verification.TestAdminAuth" name="test_queue_non_admin_403" time="0.103" /><testcase classname="backend.tests.test_verification.TestAdminAuth" name="test_queue_admin_200" time="0.094" /><testcase classname="backend.tests.test_verification.TestAdminAuth" name="test_all_admin" time="0.101" /><testcase classname="backend.tests.test_verification.TestModeration" name="test_approve_flips_verified" time="0.477" /><testcase classname="backend.tests.test_verification.TestModeration" name="test_reject_sets_rejected" time="0.290" /><testcase classname="backend.tests.test_verification.TestModeration" name="test_revoke_an_already_verified" time="0.436" /><testcase classname="backend.tests.test_verification.TestModeration" name="test_approve_requires_admin" time="0.198" /><testcase classname="backend.tests.test_verification.TestModeration" name="test_approve_404_for_unknown" time="0.136" /></testsuite></testsuites>